SF:lib/src/pike.dart
DA:13,3
DA:14,3
DA:15,6
DA:19,6
DA:21,3
DA:22,6
DA:23,3
DA:26,3
DA:27,2
DA:28,8
DA:31,2
DA:32,2
DA:33,4
DA:36,4
DA:37,2
DA:39,2
DA:41,2
DA:47,2
DA:49,4
DA:50,2
LF:20
LH:20
end_of_record
SF:lib/src/carp.dart
DA:5,6
DA:7,1
DA:8,1
DA:10,1
DA:12,1
LF:5
LH:5
end_of_record
SF:lib/src/pike_base.dart
DA:5,4
DA:8,4
DA:15,2
DA:17,9
DA:19,3
DA:20,6
DA:21,3
DA:24,2
DA:25,1
DA:28,3
DA:29,1
DA:32,3
DA:36,9
DA:37,1
DA:40,4
DA:41,1
DA:44,3
DA:45,6
DA:48,2
DA:49,4
LF:20
LH:20
end_of_record
SF:lib/src/pike_change.dart
DA:2,4
LF:1
LH:1
end_of_record
SF:lib/src/pike_observer.dart
DA:4,2
DA:6,2
DA:11,2
DA:13,2
LF:4
LH:4
end_of_record
SF:lib/src/widgets/pike_builder.dart
DA:9,0
DA:20,0
DA:21,0
DA:28,0
DA:30,0
DA:31,0
DA:34,0
DA:36,0
DA:37,0
DA:38,0
DA:40,0
DA:41,0
DA:45,0
DA:47,0
DA:48,0
DA:49,0
DA:50,0
DA:51,0
DA:52,0
LF:19
LH:0
end_of_record
SF:lib/src/widgets/pike_consumer.dart
DA:5,0
DA:20,0
DA:21,0
DA:28,0
DA:30,0
DA:31,0
DA:34,0
DA:36,0
DA:37,0
DA:38,0
DA:40,0
DA:41,0
DA:45,0
DA:46,0
DA:47,0
DA:48,0
DA:49,0
DA:50,0
DA:51,0
DA:53,0
LF:20
LH:0
end_of_record
SF:lib/src/widgets/pike_listener.dart
DA:9,0
DA:22,0
DA:23,0
DA:31,0
DA:33,0
DA:34,0
DA:35,0
DA:36,0
DA:39,0
DA:41,0
DA:42,0
DA:43,0
DA:45,0
DA:46,0
DA:47,0
DA:48,0
DA:49,0
DA:53,0
DA:54,0
DA:55,0
DA:56,0
DA:57,0
DA:61,0
DA:63,0
DA:64,0
DA:67,0
DA:68,0
LF:27
LH:0
end_of_record
SF:lib/src/widgets/pike_provider.dart
DA:5,0
DA:13,0
DA:18,0
DA:19,0
DA:21,0
DA:25,0
DA:27,0
DA:29,0
LF:8
LH:0
end_of_record
