SF:lib/src/pike.dart
DA:23,6
DA:24,6
DA:25,12
DA:40,15
DA:46,6
DA:47,12
DA:48,6
DA:55,6
DA:56,5
DA:58,20
DA:64,5
DA:65,5
DA:66,10
DA:72,10
DA:73,5
DA:75,5
DA:77,5
DA:84,4
DA:86,8
DA:87,4
LF:20
LH:20
end_of_record
SF:lib/src/carp.dart
DA:16,6
DA:24,2
DA:25,2
DA:27,2
DA:29,2
LF:5
LH:5
end_of_record
SF:lib/src/pike_base.dart
DA:16,7
DA:19,7
DA:35,2
DA:44,18
DA:52,5
DA:53,10
DA:54,5
DA:66,5
DA:67,2
DA:76,5
DA:77,2
DA:90,6
DA:94,18
DA:95,2
DA:99,7
DA:100,2
DA:112,5
DA:113,10
DA:122,4
DA:123,8
LF:20
LH:20
end_of_record
SF:lib/src/pike_change.dart
DA:27,6
LF:1
LH:1
end_of_record
SF:lib/src/pike_observer.dart
DA:24,2
DA:43,2
DA:61,2
DA:84,2
LF:4
LH:4
end_of_record
SF:lib/src/widgets/pike_builder.dart
DA:28,3
DA:49,3
DA:50,3
DA:60,3
DA:62,3
DA:63,9
DA:66,3
DA:68,3
DA:69,3
DA:70,6
DA:71,6
DA:72,3
DA:76,3
DA:78,3
DA:79,6
DA:80,6
DA:81,0
DA:87,9
DA:89,3
DA:90,3
DA:91,3
DA:92,6
DA:93,3
DA:94,15
LF:24
LH:23
end_of_record
SF:lib/src/widgets/pike_consumer.dart
DA:41,2
DA:107,2
DA:108,2
DA:115,2
DA:117,2
DA:118,6
DA:121,2
DA:123,2
DA:124,2
DA:125,4
DA:126,4
DA:129,2
DA:131,2
DA:132,4
DA:133,4
DA:136,2
DA:137,2
DA:138,2
DA:139,4
DA:140,2
DA:141,4
DA:142,6
DA:144,6
LF:23
LH:23
end_of_record
SF:lib/src/widgets/pike_listener.dart
DA:51,3
DA:114,3
DA:117,3
DA:126,3
DA:128,3
DA:129,9
DA:130,3
DA:131,3
DA:134,3
DA:136,3
DA:137,3
DA:138,6
DA:139,3
DA:140,3
DA:141,3
DA:142,3
DA:143,3
DA:145,3
DA:148,3
DA:150,3
DA:151,6
DA:152,6
DA:153,3
DA:154,3
DA:155,3
DA:156,3
DA:158,3
DA:161,3
DA:163,3
DA:164,3
DA:168,3
DA:169,18
DA:170,3
DA:171,18
DA:172,3
DA:176,3
DA:177,3
DA:178,9
DA:181,3
DA:182,3
DA:183,9
DA:186,12
DA:188,3
DA:189,6
LF:44
LH:44
end_of_record
SF:lib/src/widgets/pike_provider.dart
DA:25,1
DA:45,1
DA:51,2
DA:52,2
DA:65,1
DA:69,1
DA:78,1
DA:80,3
DA:84,1
DA:85,1
DA:93,1
DA:96,1
DA:97,1
DA:107,1
DA:109,3
DA:110,1
LF:16
LH:16
end_of_record
