SF:lib/src/pike.dart
DA:23,7
DA:24,7
DA:25,14
DA:40,15
DA:46,7
DA:47,14
DA:48,7
DA:55,7
DA:56,5
DA:58,20
DA:64,5
DA:65,5
DA:66,10
DA:72,10
DA:73,5
DA:75,5
DA:77,5
DA:84,5
DA:86,10
DA:87,5
LF:20
LH:20
end_of_record
SF:lib/src/carp.dart
DA:16,6
DA:24,2
DA:25,2
DA:27,2
DA:29,2
LF:5
LH:5
end_of_record
SF:lib/src/pike_base.dart
DA:16,8
DA:19,8
DA:35,2
DA:44,18
DA:52,6
DA:53,12
DA:54,6
DA:66,5
DA:67,2
DA:76,6
DA:77,2
DA:90,6
DA:94,18
DA:95,2
DA:99,8
DA:100,2
DA:112,5
DA:113,10
DA:122,4
DA:123,8
LF:20
LH:20
end_of_record
SF:lib/src/pike_change.dart
DA:27,6
LF:1
LH:1
end_of_record
SF:lib/src/pike_observer.dart
DA:24,2
DA:43,2
DA:61,2
DA:84,2
LF:4
LH:4
end_of_record
SF:lib/src/widgets/multi_pike_provider.dart
DA:40,2
DA:76,2
DA:77,4
DA:78,2
DA:79,4
LF:5
LH:5
end_of_record
SF:lib/src/widgets/pike_builder.dart
DA:28,3
DA:49,3
DA:50,3
DA:60,3
DA:62,3
DA:63,9
DA:66,3
DA:68,3
DA:69,3
DA:70,6
DA:71,9
DA:74,3
DA:76,3
DA:77,6
DA:78,6
DA:83,9
DA:85,3
DA:86,3
DA:87,3
DA:88,6
DA:89,3
DA:90,15
LF:22
LH:22
end_of_record
SF:lib/src/widgets/pike_consumer.dart
DA:41,2
DA:107,2
DA:108,2
DA:115,2
DA:117,2
DA:118,6
DA:121,2
DA:123,2
DA:124,2
DA:125,4
DA:126,4
DA:129,2
DA:131,2
DA:132,4
DA:133,4
DA:136,2
DA:137,2
DA:138,2
DA:139,4
DA:140,2
DA:141,4
DA:142,6
DA:144,6
LF:23
LH:23
end_of_record
SF:lib/src/widgets/pike_listener.dart
DA:51,3
DA:114,3
DA:117,3
DA:126,3
DA:128,3
DA:129,9
DA:130,3
DA:131,3
DA:134,3
DA:136,3
DA:137,3
DA:138,6
DA:139,3
DA:140,3
DA:141,3
DA:142,3
DA:143,3
DA:145,3
DA:148,3
DA:150,3
DA:151,6
DA:152,6
DA:153,3
DA:154,3
DA:155,3
DA:156,3
DA:158,3
DA:161,3
DA:163,3
DA:164,3
DA:168,3
DA:169,18
DA:170,3
DA:171,18
DA:172,3
DA:176,3
DA:177,3
DA:178,9
DA:181,3
DA:182,3
DA:183,9
DA:186,12
DA:188,3
DA:189,6
LF:44
LH:44
end_of_record
SF:lib/src/widgets/pike_provider.dart
DA:25,3
DA:29,3
DA:45,1
DA:51,2
DA:52,2
DA:65,1
DA:69,1
DA:78,1
DA:80,3
DA:98,4
DA:99,2
DA:100,2
DA:106,3
DA:107,3
DA:115,3
DA:118,3
DA:119,3
DA:129,3
DA:131,9
DA:132,3
LF:20
LH:20
end_of_record
